==================================================
🩸 Твой Донор - API Server
==================================================
Порт: 5001
БД: your_donor
==================================================
 * Serving Flask app 'app'
 * Debug mode: on
2026-01-23 17:02:47,144 - werkzeug - INFO - [31m[1mWARNING: This is a development server. Do not use it in a production deployment. Use a production WSGI server instead.[0m
 * Running on all addresses (0.0.0.0)
 * Running on http://127.0.0.1:5001
 * Running on http://192.168.100.29:5001
2026-01-23 17:02:47,144 - werkzeug - INFO - [33mPress CTRL+C to quit[0m
2026-01-23 17:02:47,145 - werkzeug - INFO -  * Restarting with stat
2026-01-23 17:02:47,394 - werkzeug - WARNING -  * Debugger is active!
2026-01-23 17:02:47,400 - werkzeug - INFO -  * Debugger PIN: 566-507-184
2026-01-23 17:04:00,199 - werkzeug - INFO -  * Detected change in '/Users/VadimVthv/Your_donor/website/backend/app.py', reloading
==================================================
🩸 Твой Донор - API Server
==================================================
Порт: 5001
БД: your_donor
==================================================
2026-01-23 17:04:00,251 - werkzeug - INFO -  * Restarting with stat
2026-01-23 17:04:00,703 - werkzeug - WARNING -  * Debugger is active!
2026-01-23 17:04:00,709 - werkzeug - INFO -  * Debugger PIN: 566-507-184
