::1 - - [24/Jan/2026 16:47:22] "GET / HTTP/1.1" 200 -
::1 - - [24/Jan/2026 16:48:34] "GET /pages/medcenter-dashboard.html HTTP/1.1" 200 -
::1 - - [24/Jan/2026 16:48:34] "GET /css/request-form.css HTTP/1.1" 304 -
::1 - - [24/Jan/2026 16:48:34] "GET /css/styles.css HTTP/1.1" 200 -
::1 - - [24/Jan/2026 16:48:34] "GET /css/blood-request-cards.css HTTP/1.1" 304 -
::1 - - [24/Jan/2026 16:48:34] "GET /css/medcenter.css HTTP/1.1" 304 -
::1 - - [24/Jan/2026 16:48:34] "GET /css/messenger.css HTTP/1.1" 200 -
::1 - - [24/Jan/2026 16:48:34] "GET /css/dashboard.css HTTP/1.1" 200 -
::1 - - [24/Jan/2026 16:48:34] "GET /js/messenger.js HTTP/1.1" 200 -
::1 - - [24/Jan/2026 16:48:34] "GET /js/app.js HTTP/1.1" 304 -
::1 - - [24/Jan/2026 16:48:34] "GET /js/medcenter-dashboard.js HTTP/1.1" 200 -
::1 - - [24/Jan/2026 16:48:36] "GET /pages/auth.html?type=medcenter HTTP/1.1" 304 -
::1 - - [24/Jan/2026 16:48:36] "GET /js/auth.js?v=5 HTTP/1.1" 304 -
::1 - - [24/Jan/2026 16:48:36] "GET /css/auth.css HTTP/1.1" 304 -
::1 - - [24/Jan/2026 16:52:02] "GET /pages/auth.html HTTP/1.1" 304 -
::1 - - [24/Jan/2026 16:52:24] "GET /pages/donor-dashboard.html HTTP/1.1" 304 -
::1 - - [24/Jan/2026 16:52:24] "GET /css/donations-stats.css HTTP/1.1" 304 -
::1 - - [24/Jan/2026 16:52:24] "GET /js/donor-dashboard.js HTTP/1.1" 304 -
::1 - - [24/Jan/2026 17:18:54] "GET /pages/medcenter-dashboard.html HTTP/1.1" 200 -
::1 - - [24/Jan/2026 17:40:08] "GET /pages/medcenter-dashboard.html HTTP/1.1" 200 -
::1 - - [24/Jan/2026 17:40:08] "GET /css/dashboard.css HTTP/1.1" 200 -
::1 - - [24/Jan/2026 17:40:08] "GET /css/styles.css HTTP/1.1" 304 -
